<?xml version="1.0" encoding="UTF-8"?>
<!-- Generated by org.testng.reporters.JUnitXMLReporter -->
<testsuite hostname="Confluxsyss-Mac-mini-2.local" name="Default test" tests="8" failures="0" timestamp="4 Oct 2017 11:23:32 GMT" time="0.271" errors="0">
  <testcase name="testArrayOperation" time="0.068" classname="com.github.fge.jsonpatch.diffcustom.TestJsonDiffCustom"/>
  <testcase name="testArrayOperation" time="0.005" classname="com.github.fge.jsonpatch.diffcustom.TestJsonDiffCustom"/>
  <testcase name="testArrayOperation" time="0.006" classname="com.github.fge.jsonpatch.diffcustom.TestJsonDiffCustom"/>
  <testcase name="testArrayOperation" time="0.003" classname="com.github.fge.jsonpatch.diffcustom.TestJsonDiffCustom"/>
  <testcase name="testArrayOperation" time="0.003" classname="com.github.fge.jsonpatch.diffcustom.TestJsonDiffCustom"/>
  <testcase name="testArrayOperation" time="0.003" classname="com.github.fge.jsonpatch.diffcustom.TestJsonDiffCustom"/>
  <testcase name="testArrayOperation" time="0.004" classname="com.github.fge.jsonpatch.diffcustom.TestJsonDiffCustom"/>
  <testcase name="testArrayOperation" time="0.003" classname="com.github.fge.jsonpatch.diffcustom.TestJsonDiffCustom"/>
</testsuite> <!-- Default test -->
