<?xml version="1.0" encoding="UTF-8"?>
<testng-results skipped="0" failed="0" total="8" passed="8">
  <reporter-output>
  </reporter-output>
  <suite name="Default suite" duration-ms="271" started-at="2017-10-04T11:23:32Z" finished-at="2017-10-04T11:23:32Z">
    <groups>
    </groups>
    <test name="Default test" duration-ms="271" started-at="2017-10-04T11:23:32Z" finished-at="2017-10-04T11:23:32Z">
      <class name="com.github.fge.jsonpatch.diffcustom.TestJsonDiffCustom">
        <test-method status="PASS" signature="initialize()[pri:0, instance:com.github.fge.jsonpatch.diffcustom.TestJsonDiffCustom@4f933fd1]" name="initialize" is-config="true" duration-ms="10" started-at="2017-10-04T16:53:32Z" finished-at="2017-10-04T16:53:32Z">
          <reporter-output>
          </reporter-output>
        </test-method> <!-- initialize -->
        <test-method status="PASS" signature="testArrayOperation(com.fasterxml.jackson.databind.JsonNode, com.fasterxml.jackson.databind.JsonNode)[pri:0, instance:com.github.fge.jsonpatch.diffcustom.TestJsonDiffCustom@4f933fd1]" name="testArrayOperation" duration-ms="68" started-at="2017-10-04T16:53:32Z" data-provider="Array Operation" finished-at="2017-10-04T16:53:32Z">
          <params>
            <param index="0">
              <value>
                <![CDATA[{"a":[{"a":"b"},{"a":"x","b":"c"}]}]]>
              </value>
            </param>
            <param index="1">
              <value>
                <![CDATA[{"a":[{"a":"b"}]}]]>
              </value>
            </param>
          </params>
          <reporter-output>
          </reporter-output>
        </test-method> <!-- testArrayOperation -->
        <test-method status="PASS" signature="testArrayOperation(com.fasterxml.jackson.databind.JsonNode, com.fasterxml.jackson.databind.JsonNode)[pri:0, instance:com.github.fge.jsonpatch.diffcustom.TestJsonDiffCustom@4f933fd1]" name="testArrayOperation" duration-ms="5" started-at="2017-10-04T16:53:32Z" data-provider="Array Operation" finished-at="2017-10-04T16:53:32Z">
          <params>
            <param index="0">
              <value>
                <![CDATA[{"a":[{"a":"b"}]}]]>
              </value>
            </param>
            <param index="1">
              <value>
                <![CDATA[{"a":[{"a":"b"},{"a":"x","b":"c"}]}]]>
              </value>
            </param>
          </params>
          <reporter-output>
          </reporter-output>
        </test-method> <!-- testArrayOperation -->
        <test-method status="PASS" signature="testArrayOperation(com.fasterxml.jackson.databind.JsonNode, com.fasterxml.jackson.databind.JsonNode)[pri:0, instance:com.github.fge.jsonpatch.diffcustom.TestJsonDiffCustom@4f933fd1]" name="testArrayOperation" duration-ms="6" started-at="2017-10-04T16:53:32Z" data-provider="Array Operation" finished-at="2017-10-04T16:53:32Z">
          <params>
            <param index="0">
              <value>
                <![CDATA[{"a":[{"a":"b","b":"a"}]}]]>
              </value>
            </param>
            <param index="1">
              <value>
                <![CDATA[{"a":[{"a":"b","b":"c"}]}]]>
              </value>
            </param>
          </params>
          <reporter-output>
          </reporter-output>
        </test-method> <!-- testArrayOperation -->
        <test-method status="PASS" signature="testArrayOperation(com.fasterxml.jackson.databind.JsonNode, com.fasterxml.jackson.databind.JsonNode)[pri:0, instance:com.github.fge.jsonpatch.diffcustom.TestJsonDiffCustom@4f933fd1]" name="testArrayOperation" duration-ms="3" started-at="2017-10-04T16:53:32Z" data-provider="Array Operation" finished-at="2017-10-04T16:53:32Z">
          <params>
            <param index="0">
              <value>
                <![CDATA[{"a":[{"a":"b","b":"c"}]}]]>
              </value>
            </param>
            <param index="1">
              <value>
                <![CDATA[{"a":[{"a":"b","b":"a"}]}]]>
              </value>
            </param>
          </params>
          <reporter-output>
          </reporter-output>
        </test-method> <!-- testArrayOperation -->
        <test-method status="PASS" signature="testArrayOperation(com.fasterxml.jackson.databind.JsonNode, com.fasterxml.jackson.databind.JsonNode)[pri:0, instance:com.github.fge.jsonpatch.diffcustom.TestJsonDiffCustom@4f933fd1]" name="testArrayOperation" duration-ms="3" started-at="2017-10-04T16:53:32Z" data-provider="Array Operation" finished-at="2017-10-04T16:53:32Z">
          <params>
            <param index="0">
              <value>
                <![CDATA[{"a":[{"a":"b"}]}]]>
              </value>
            </param>
            <param index="1">
              <value>
                <![CDATA[{"a":[{"a":"b"},{"a":"x","b":"c"}]}]]>
              </value>
            </param>
          </params>
          <reporter-output>
          </reporter-output>
        </test-method> <!-- testArrayOperation -->
        <test-method status="PASS" signature="testArrayOperation(com.fasterxml.jackson.databind.JsonNode, com.fasterxml.jackson.databind.JsonNode)[pri:0, instance:com.github.fge.jsonpatch.diffcustom.TestJsonDiffCustom@4f933fd1]" name="testArrayOperation" duration-ms="3" started-at="2017-10-04T16:53:32Z" data-provider="Array Operation" finished-at="2017-10-04T16:53:32Z">
          <params>
            <param index="0">
              <value>
                <![CDATA[{"a":[{"a":"b"},{"a":"x","b":"c"}]}]]>
              </value>
            </param>
            <param index="1">
              <value>
                <![CDATA[{"a":[{"a":"b"}]}]]>
              </value>
            </param>
          </params>
          <reporter-output>
          </reporter-output>
        </test-method> <!-- testArrayOperation -->
        <test-method status="PASS" signature="testArrayOperation(com.fasterxml.jackson.databind.JsonNode, com.fasterxml.jackson.databind.JsonNode)[pri:0, instance:com.github.fge.jsonpatch.diffcustom.TestJsonDiffCustom@4f933fd1]" name="testArrayOperation" duration-ms="4" started-at="2017-10-04T16:53:32Z" data-provider="Array Operation" finished-at="2017-10-04T16:53:32Z">
          <params>
            <param index="0">
              <value>
                <![CDATA[{"Application Entitlement":null,"Role in VEM":{},"Application Role":[]}]]>
              </value>
            </param>
            <param index="1">
              <value>
                <![CDATA[{"Application Entitlement":[{"Value":"CFX_Value_11","Entitlement Name":"624~Web Chatter"}],"Role in VEM":[{"Role":"624~Security Auditors","Organization or Bid Number":"Confluxsys","Update Timestamp":"15042479426"}],"Application Role":[]}]]>
              </value>
            </param>
          </params>
          <reporter-output>
          </reporter-output>
        </test-method> <!-- testArrayOperation -->
        <test-method status="PASS" signature="testArrayOperation(com.fasterxml.jackson.databind.JsonNode, com.fasterxml.jackson.databind.JsonNode)[pri:0, instance:com.github.fge.jsonpatch.diffcustom.TestJsonDiffCustom@4f933fd1]" name="testArrayOperation" duration-ms="3" started-at="2017-10-04T16:53:32Z" data-provider="Array Operation" finished-at="2017-10-04T16:53:32Z">
          <params>
            <param index="0">
              <value>
                <![CDATA[{"Application Entitlement":[{"Value":"CFX_Value_11","Entitlement Name":"624~Web Chatter"}],"Role in VEM":[{"Role":"624~Security Auditors","Organization or Bid Number":"Confluxsys","Update Timestamp":"15042479426"}],"Application Role":[]}]]>
              </value>
            </param>
            <param index="1">
              <value>
                <![CDATA[{"Application Entitlement":null,"Role in VEM":{},"Application Role":[]}]]>
              </value>
            </param>
          </params>
          <reporter-output>
          </reporter-output>
        </test-method> <!-- testArrayOperation -->
      </class> <!-- com.github.fge.jsonpatch.diffcustom.TestJsonDiffCustom -->
    </test> <!-- Default test -->
  </suite> <!-- Default suite -->
</testng-results>
